# JRE version: OpenJDK Runtime Environment Temurin-21.0.9+10 (21.0.9+10) (build 21.0.9+10-LTS)
# Java VM: OpenJDK 64-Bit Server VM Temurin-21.0.9+10 (21.0.9+10-LTS, mixed mode, sharing, tiered, compressed oops, compressed class ptrs, g1 gc, windows-amd64)
GC Precious Log:
 CardTable entry size: 512
 Card Set container configuration: InlinePtr #cards 5 size 8 Array Of Cards #cards 12 size 40 Howl #buckets 4 coarsen threshold 1843 Howl Bitmap #cards 512 size 80 coarsen threshold 460 Card regions per heap region 1 cards per card region 2048
 CPUs: 8 total, 8 available
 Memory: 3921M
 Large Page Support: Disabled
 NUMA Support: Disabled
 Compressed Oops: Enabled (32-bit)
 Heap Region Size: 1M
 Heap Min Capacity: 8M
 Heap Initial Capacity: 62M
 Heap Max Capacity: 1G
 Pre-touch: Disabled
 Parallel Workers: 8
 Concurrent Workers: 2
 Concurrent Refinement Workers: 8
 Periodic GC: Disabled
Heap:
 garbage-first heap   total 325632K, used 180318K [0x00000000c0000000, 0x0000000100000000)
  region size 1024K, 42 young (43008K), 15 survivors (15360K)
 Metaspace       used 119612K, committed 121984K, reserved 1179648K
  class space    used 17150K, committed 18304K, reserved 1048576K
GC Heap History (20 events):
Event: 38.548 GC heap before
{Heap before GC invocations=43 (full 0):
 garbage-first heap   total 208896K, used 180864K [0x00000000c0000000, 0x0000000100000000)
  region size 1024K, 70 young (71680K), 5 survivors (5120K)
 Metaspace       used 105675K, committed 107968K, reserved 1179648K
  class space    used 15286K, committed 16384K, reserved 1048576K
}
Event: 38.559 GC heap after
{Heap after GC invocations=44 (full 0):
 garbage-first heap   total 208896K, used 123353K [0x00000000c0000000, 0x0000000100000000)
  region size 1024K, 9 young (9216K), 9 survivors (9216K)
 Metaspace       used 105675K, committed 107968K, reserved 1179648K
  class space    used 15286K, committed 16384K, reserved 1048576K
}
Event: 39.089 GC heap before
{Heap before GC invocations=44 (full 0):
 garbage-first heap   total 208896K, used 183769K [0x00000000c0000000, 0x0000000100000000)
  region size 1024K, 69 young (70656K), 9 survivors (9216K)
 Metaspace       used 108234K, committed 110592K, reserved 1179648K
  class space    used 15651K, committed 16768K, reserved 1048576K
}
Event: 39.166 GC heap after
{Heap after GC invocations=45 (full 0):
 garbage-first heap   total 208896K, used 124998K [0x00000000c0000000, 0x0000000100000000)
  region size 1024K, 2 young (2048K), 2 survivors (2048K)
 Metaspace       used 108234K, committed 110592K, reserved 1179648K
  class space    used 15651K, committed 16768K, reserved 1048576K
}
Event: 39.492 GC heap before
{Heap before GC invocations=45 (full 0):
 garbage-first heap   total 208896K, used 188486K [0x00000000c0000000, 0x0000000100000000)
  region size 1024K, 64 young (65536K), 2 survivors (2048K)
 Metaspace       used 108985K, committed 111296K, reserved 1179648K
  class space    used 15726K, committed 16832K, reserved 1048576K
}
Event: 39.495 GC heap after
{Heap after GC invocations=46 (full 0):
 garbage-first heap   total 208896K, used 124587K [0x00000000c0000000, 0x0000000100000000)
  region size 1024K, 2 young (2048K), 2 survivors (2048K)
 Metaspace       used 108985K, committed 111296K, reserved 1179648K
  class space    used 15726K, committed 16832K, reserved 1048576K
}
Event: 39.935 GC heap before
{Heap before GC invocations=47 (full 0):
 garbage-first heap   total 209920K, used 189099K [0x00000000c0000000, 0x0000000100000000)
  region size 1024K, 66 young (67584K), 2 survivors (2048K)
 Metaspace       used 109938K, committed 112256K, reserved 1179648K
  class space    used 15903K, committed 17024K, reserved 1048576K
}
Event: 39.939 GC heap after
{Heap after GC invocations=48 (full 0):
 garbage-first heap   total 209920K, used 125678K [0x00000000c0000000, 0x0000000100000000)
  region size 1024K, 3 young (3072K), 3 survivors (3072K)
 Metaspace       used 109938K, committed 112256K, reserved 1179648K
  class space    used 15903K, committed 17024K, reserved 1048576K
}
Event: 40.199 GC heap before
{Heap before GC invocations=48 (full 0):
 garbage-first heap   total 209920K, used 193262K [0x00000000c0000000, 0x0000000100000000)
  region size 1024K, 70 young (71680K), 3 survivors (3072K)
 Metaspace       used 110573K, committed 112832K, reserved 1179648K
  class space    used 15999K, committed 17088K, reserved 1048576K
}
Event: 40.205 GC heap after
{Heap after GC invocations=49 (full 0):
 garbage-first heap   total 209920K, used 124933K [0x00000000c0000000, 0x0000000100000000)
  region size 1024K, 4 young (4096K), 4 survivors (4096K)
 Metaspace       used 110573K, committed 112832K, reserved 1179648K
  class space    used 15999K, committed 17088K, reserved 1048576K
}
Event: 40.221 GC heap before
{Heap before GC invocations=49 (full 0):
 garbage-first heap   total 209920K, used 129029K [0x00000000c0000000, 0x0000000100000000)
  region size 1024K, 9 young (9216K), 4 survivors (4096K)
 Metaspace       used 110573K, committed 112832K, reserved 1179648K
  class space    used 15999K, committed 17088K, reserved 1048576K
}
Event: 40.225 GC heap after
{Heap after GC invocations=50 (full 0):
 garbage-first heap   total 209920K, used 125076K [0x00000000c0000000, 0x0000000100000000)
  region size 1024K, 4 young (4096K), 4 survivors (4096K)
 Metaspace       used 110573K, committed 112832K, reserved 1179648K
  class space    used 15999K, committed 17088K, reserved 1048576K
}
Event: 40.483 GC heap before
{Heap before GC invocations=51 (full 0):
 garbage-first heap   total 211968K, used 196756K [0x00000000c0000000, 0x0000000100000000)
  region size 1024K, 74 young (75776K), 4 survivors (4096K)
 Metaspace       used 110768K, committed 113024K, reserved 1179648K
  class space    used 16012K, committed 17088K, reserved 1048576K
}
Event: 40.490 GC heap after
{Heap after GC invocations=52 (full 0):
 garbage-first heap   total 211968K, used 127006K [0x00000000c0000000, 0x0000000100000000)
  region size 1024K, 6 young (6144K), 6 survivors (6144K)
 Metaspace       used 110768K, committed 113024K, reserved 1179648K
  class space    used 16012K, committed 17088K, reserved 1048576K
}
Event: 40.739 GC heap before
{Heap before GC invocations=52 (full 0):
 garbage-first heap   total 211968K, used 198686K [0x00000000c0000000, 0x0000000100000000)
  region size 1024K, 76 young (77824K), 6 survivors (6144K)
 Metaspace       used 111183K, committed 113472K, reserved 1179648K
  class space    used 16090K, committed 17216K, reserved 1048576K
}
Event: 40.753 GC heap after
{Heap after GC invocations=53 (full 0):
 garbage-first heap   total 211968K, used 126612K [0x00000000c0000000, 0x0000000100000000)
  region size 1024K, 7 young (7168K), 7 survivors (7168K)
 Metaspace       used 111183K, committed 113472K, reserved 1179648K
  class space    used 16090K, committed 17216K, reserved 1048576K
}
Event: 41.017 GC heap before
{Heap before GC invocations=53 (full 0):
 garbage-first heap   total 211968K, used 198292K [0x00000000c0000000, 0x0000000100000000)
  region size 1024K, 78 young (79872K), 7 survivors (7168K)
 Metaspace       used 111567K, committed 113856K, reserved 1179648K
  class space    used 16117K, committed 17216K, reserved 1048576K
}
Event: 41.029 GC heap after
{Heap after GC invocations=54 (full 0):
 garbage-first heap   total 325632K, used 132190K [0x00000000c0000000, 0x0000000100000000)
  region size 1024K, 10 young (10240K), 10 survivors (10240K)
 Metaspace       used 111567K, committed 113856K, reserved 1179648K
  class space    used 16117K, committed 17216K, reserved 1048576K
}
Event: 48.718 GC heap before
{Heap before GC invocations=55 (full 0):
 garbage-first heap   total 325632K, used 296030K [0x00000000c0000000, 0x0000000100000000)
  region size 1024K, 171 young (175104K), 10 survivors (10240K)
 Metaspace       used 117337K, committed 119680K, reserved 1179648K
  class space    used 16845K, committed 17984K, reserved 1048576K
}
Event: 48.808 GC heap after
{Heap after GC invocations=56 (full 0):
 garbage-first heap   total 325632K, used 137310K [0x00000000c0000000, 0x0000000100000000)
  region size 1024K, 15 young (15360K), 15 survivors (15360K)
 Metaspace       used 117337K, committed 119680K, reserved 1179648K
  class space    used 16845K, committed 17984K, reserved 1048576K
}

