# JRE version: OpenJDK Runtime Environment Temurin-21.0.9+10 (21.0.9+10) (build 21.0.9+10-LTS)
# Java VM: OpenJDK 64-Bit Server VM Temurin-21.0.9+10 (21.0.9+10-LTS, mixed mode, sharing, tiered, compressed oops, compressed class ptrs, g1 gc, windows-amd64)
GC Precious Log:
 CardTable entry size: 512
 Card Set container configuration: InlinePtr #cards 5 size 8 Array Of Cards #cards 12 size 40 Howl #buckets 4 coarsen threshold 1843 Howl Bitmap #cards 512 size 80 coarsen threshold 460 Card regions per heap region 1 cards per card region 2048
 CPUs: 8 total, 8 available
 Memory: 3921M
 Large Page Support: Disabled
 NUMA Support: Disabled
 Compressed Oops: Enabled (32-bit)
 Heap Region Size: 1M
 Heap Min Capacity: 8M
 Heap Initial Capacity: 62M
 Heap Max Capacity: 1G
 Pre-touch: Disabled
 Parallel Workers: 8
 Concurrent Workers: 2
 Concurrent Refinement Workers: 8
 Periodic GC: Disabled
Heap:
 garbage-first heap   total 137216K, used 90312K [0x00000000c0000000, 0x0000000100000000)
  region size 1024K, 14 young (14336K), 5 survivors (5120K)
 Metaspace       used 78501K, committed 80576K, reserved 1179648K
  class space    used 11096K, committed 12096K, reserved 1048576K
GC Heap History (20 events):
Event: 13.742 GC heap before
{Heap before GC invocations=28 (full 0):
 garbage-first heap   total 98304K, used 94131K [0x00000000c0000000, 0x0000000100000000)
  region size 1024K, 39 young (39936K), 3 survivors (3072K)
 Metaspace       used 54969K, committed 56704K, reserved 1114112K
  class space    used 7804K, committed 8640K, reserved 1048576K
}
Event: 13.748 GC heap after
{Heap after GC invocations=29 (full 0):
 garbage-first heap   total 107520K, used 63678K [0x00000000c0000000, 0x0000000100000000)
  region size 1024K, 5 young (5120K), 5 survivors (5120K)
 Metaspace       used 54969K, committed 56704K, reserved 1114112K
  class space    used 7804K, committed 8640K, reserved 1048576K
}
Event: 14.249 GC heap before
{Heap before GC invocations=29 (full 0):
 garbage-first heap   total 107520K, used 92350K [0x00000000c0000000, 0x0000000100000000)
  region size 1024K, 34 young (34816K), 5 survivors (5120K)
 Metaspace       used 58032K, committed 59840K, reserved 1114112K
  class space    used 8151K, committed 9088K, reserved 1048576K
}
Event: 14.253 GC heap after
{Heap after GC invocations=30 (full 0):
 garbage-first heap   total 107520K, used 64824K [0x00000000c0000000, 0x0000000100000000)
  region size 1024K, 2 young (2048K), 2 survivors (2048K)
 Metaspace       used 58032K, committed 59840K, reserved 1114112K
  class space    used 8151K, committed 9088K, reserved 1048576K
}
Event: 14.891 GC heap before
{Heap before GC invocations=31 (full 0):
 garbage-first heap   total 111616K, used 94520K [0x00000000c0000000, 0x0000000100000000)
  region size 1024K, 31 young (31744K), 2 survivors (2048K)
 Metaspace       used 60951K, committed 62848K, reserved 1114112K
  class space    used 8618K, committed 9536K, reserved 1048576K
}
Event: 14.895 GC heap after
{Heap after GC invocations=32 (full 0):
 garbage-first heap   total 111616K, used 66057K [0x00000000c0000000, 0x0000000100000000)
  region size 1024K, 3 young (3072K), 3 survivors (3072K)
 Metaspace       used 60951K, committed 62848K, reserved 1114112K
  class space    used 8618K, committed 9536K, reserved 1048576K
}
Event: 15.928 GC heap before
{Heap before GC invocations=32 (full 0):
 garbage-first heap   total 111616K, used 103945K [0x00000000c0000000, 0x0000000100000000)
  region size 1024K, 36 young (36864K), 3 survivors (3072K)
 Metaspace       used 63571K, committed 65472K, reserved 1114112K
  class space    used 8931K, committed 9856K, reserved 1048576K
}
Event: 15.937 GC heap after
{Heap after GC invocations=33 (full 0):
 garbage-first heap   total 114688K, used 70752K [0x00000000c0000000, 0x0000000100000000)
  region size 1024K, 5 young (5120K), 5 survivors (5120K)
 Metaspace       used 63571K, committed 65472K, reserved 1114112K
  class space    used 8931K, committed 9856K, reserved 1048576K
}
Event: 16.752 GC heap before
{Heap before GC invocations=33 (full 0):
 garbage-first heap   total 114688K, used 102496K [0x00000000c0000000, 0x0000000100000000)
  region size 1024K, 36 young (36864K), 5 survivors (5120K)
 Metaspace       used 65850K, committed 67776K, reserved 1114112K
  class space    used 9224K, committed 10176K, reserved 1048576K
}
Event: 16.763 GC heap after
{Heap after GC invocations=34 (full 0):
 garbage-first heap   total 114688K, used 73031K [0x00000000c0000000, 0x0000000100000000)
  region size 1024K, 3 young (3072K), 3 survivors (3072K)
 Metaspace       used 65850K, committed 67776K, reserved 1114112K
  class space    used 9224K, committed 10176K, reserved 1048576K
}
Event: 17.383 GC heap before
{Heap before GC invocations=35 (full 0):
 garbage-first heap   total 124928K, used 103751K [0x00000000c0000000, 0x0000000100000000)
  region size 1024K, 33 young (33792K), 3 survivors (3072K)
 Metaspace       used 68237K, committed 70144K, reserved 1114112K
  class space    used 9508K, committed 10432K, reserved 1048576K
}
Event: 17.387 GC heap after
{Heap after GC invocations=36 (full 0):
 garbage-first heap   total 124928K, used 75591K [0x00000000c0000000, 0x0000000100000000)
  region size 1024K, 5 young (5120K), 5 survivors (5120K)
 Metaspace       used 68237K, committed 70144K, reserved 1114112K
  class space    used 9508K, committed 10432K, reserved 1048576K
}
Event: 17.696 GC heap before
{Heap before GC invocations=36 (full 0):
 garbage-first heap   total 124928K, used 112455K [0x00000000c0000000, 0x0000000100000000)
  region size 1024K, 41 young (41984K), 5 survivors (5120K)
 Metaspace       used 68782K, committed 70656K, reserved 1114112K
  class space    used 9573K, committed 10496K, reserved 1048576K
}
Event: 17.702 GC heap after
{Heap after GC invocations=37 (full 0):
 garbage-first heap   total 124928K, used 77939K [0x00000000c0000000, 0x0000000100000000)
  region size 1024K, 6 young (6144K), 6 survivors (6144K)
 Metaspace       used 68782K, committed 70656K, reserved 1114112K
  class space    used 9573K, committed 10496K, reserved 1048576K
}
Event: 18.183 GC heap before
{Heap before GC invocations=37 (full 0):
 garbage-first heap   total 124928K, used 110707K [0x00000000c0000000, 0x0000000100000000)
  region size 1024K, 39 young (39936K), 6 survivors (6144K)
 Metaspace       used 71304K, committed 73280K, reserved 1114112K
  class space    used 9935K, committed 10880K, reserved 1048576K
}
Event: 18.188 GC heap after
{Heap after GC invocations=38 (full 0):
 garbage-first heap   total 124928K, used 79796K [0x00000000c0000000, 0x0000000100000000)
  region size 1024K, 5 young (5120K), 5 survivors (5120K)
 Metaspace       used 71304K, committed 73280K, reserved 1114112K
  class space    used 9935K, committed 10880K, reserved 1048576K
}
Event: 18.825 GC heap before
{Heap before GC invocations=39 (full 0):
 garbage-first heap   total 137216K, used 115636K [0x00000000c0000000, 0x0000000100000000)
  region size 1024K, 39 young (39936K), 5 survivors (5120K)
 Metaspace       used 73996K, committed 75968K, reserved 1114112K
  class space    used 10403K, committed 11392K, reserved 1048576K
}
Event: 18.829 GC heap after
{Heap after GC invocations=40 (full 0):
 garbage-first heap   total 137216K, used 80555K [0x00000000c0000000, 0x0000000100000000)
  region size 1024K, 3 young (3072K), 3 survivors (3072K)
 Metaspace       used 73996K, committed 75968K, reserved 1114112K
  class space    used 10403K, committed 11392K, reserved 1048576K
}
Event: 20.490 GC heap before
{Heap before GC invocations=40 (full 0):
 garbage-first heap   total 137216K, used 126635K [0x00000000c0000000, 0x0000000100000000)
  region size 1024K, 48 young (49152K), 3 survivors (3072K)
 Metaspace       used 77690K, committed 79744K, reserved 1179648K
  class space    used 10966K, committed 11968K, reserved 1048576K
}
Event: 20.495 GC heap after
{Heap after GC invocations=41 (full 0):
 garbage-first heap   total 137216K, used 82120K [0x00000000c0000000, 0x0000000100000000)
  region size 1024K, 5 young (5120K), 5 survivors (5120K)
 Metaspace       used 77690K, committed 79744K, reserved 1179648K
  class space    used 10966K, committed 11968K, reserved 1048576K
}

