# JRE version: OpenJDK Runtime Environment Temurin-21.0.9+10 (21.0.9+10) (build 21.0.9+10-LTS)
# Java VM: OpenJDK 64-Bit Server VM Temurin-21.0.9+10 (21.0.9+10-LTS, mixed mode, sharing, tiered, compressed oops, compressed class ptrs, g1 gc, windows-amd64)
GC Precious Log:
 CardTable entry size: 512
 Card Set container configuration: InlinePtr #cards 5 size 8 Array Of Cards #cards 12 size 40 Howl #buckets 4 coarsen threshold 1843 Howl Bitmap #cards 512 size 80 coarsen threshold 460 Card regions per heap region 1 cards per card region 2048
 CPUs: 8 total, 8 available
 Memory: 3921M
 Large Page Support: Disabled
 NUMA Support: Disabled
 Compressed Oops: Enabled (32-bit)
 Heap Region Size: 1M
 Heap Min Capacity: 8M
 Heap Initial Capacity: 62M
 Heap Max Capacity: 1G
 Pre-touch: Disabled
 Parallel Workers: 8
 Concurrent Workers: 2
 Concurrent Refinement Workers: 8
 Periodic GC: Disabled
Heap:
 garbage-first heap   total 65536K, used 44634K [0x00000000c0000000, 0x0000000100000000)
  region size 1024K, 14 young (14336K), 3 survivors (3072K)
 Metaspace       used 38469K, committed 39872K, reserved 1114112K
  class space    used 5505K, committed 6208K, reserved 1048576K
GC Heap History (20 events):
Event: 10.257 GC heap before
{Heap before GC invocations=2 (full 0):
 garbage-first heap   total 63488K, used 43395K [0x00000000c0000000, 0x0000000100000000)
  region size 1024K, 36 young (36864K), 5 survivors (5120K)
 Metaspace       used 4554K, committed 4736K, reserved 1114112K
  class space    used 562K, committed 640K, reserved 1048576K
}
Event: 10.266 GC heap after
{Heap after GC invocations=3 (full 0):
 garbage-first heap   total 63488K, used 13371K [0x00000000c0000000, 0x0000000100000000)
  region size 1024K, 2 young (2048K), 2 survivors (2048K)
 Metaspace       used 4554K, committed 4736K, reserved 1114112K
  class space    used 562K, committed 640K, reserved 1048576K
}
Event: 11.628 GC heap before
{Heap before GC invocations=3 (full 0):
 garbage-first heap   total 63488K, used 46139K [0x00000000c0000000, 0x0000000100000000)
  region size 1024K, 33 young (33792K), 2 survivors (2048K)
 Metaspace       used 9377K, committed 9728K, reserved 1114112K
  class space    used 1250K, committed 1408K, reserved 1048576K
}
Event: 11.635 GC heap after
{Heap after GC invocations=4 (full 0):
 garbage-first heap   total 63488K, used 19001K [0x00000000c0000000, 0x0000000100000000)
  region size 1024K, 5 young (5120K), 5 survivors (5120K)
 Metaspace       used 9377K, committed 9728K, reserved 1114112K
  class space    used 1250K, committed 1408K, reserved 1048576K
}
Event: 13.911 GC heap before
{Heap before GC invocations=4 (full 0):
 garbage-first heap   total 63488K, used 47673K [0x00000000c0000000, 0x0000000100000000)
  region size 1024K, 34 young (34816K), 5 survivors (5120K)
 Metaspace       used 15021K, committed 15424K, reserved 1114112K
  class space    used 2072K, committed 2240K, reserved 1048576K
}
Event: 13.918 GC heap after
{Heap after GC invocations=5 (full 0):
 garbage-first heap   total 63488K, used 21586K [0x00000000c0000000, 0x0000000100000000)
  region size 1024K, 3 young (3072K), 3 survivors (3072K)
 Metaspace       used 15021K, committed 15424K, reserved 1114112K
  class space    used 2072K, committed 2240K, reserved 1048576K
}
Event: 15.103 GC heap before
{Heap before GC invocations=5 (full 0):
 garbage-first heap   total 63488K, used 51282K [0x00000000c0000000, 0x0000000100000000)
  region size 1024K, 32 young (32768K), 3 survivors (3072K)
 Metaspace       used 19141K, committed 19712K, reserved 1114112K
  class space    used 2756K, committed 3008K, reserved 1048576K
}
Event: 15.109 GC heap after
{Heap after GC invocations=6 (full 0):
 garbage-first heap   total 63488K, used 23365K [0x00000000c0000000, 0x0000000100000000)
  region size 1024K, 4 young (4096K), 4 survivors (4096K)
 Metaspace       used 19141K, committed 19712K, reserved 1114112K
  class space    used 2756K, committed 3008K, reserved 1048576K
}
Event: 15.619 GC heap before
{Heap before GC invocations=6 (full 0):
 garbage-first heap   total 63488K, used 37701K [0x00000000c0000000, 0x0000000100000000)
  region size 1024K, 19 young (19456K), 4 survivors (4096K)
 Metaspace       used 20904K, committed 21504K, reserved 1114112K
  class space    used 3055K, committed 3328K, reserved 1048576K
}
Event: 15.626 GC heap after
{Heap after GC invocations=7 (full 0):
 garbage-first heap   total 63488K, used 24517K [0x00000000c0000000, 0x0000000100000000)
  region size 1024K, 4 young (4096K), 4 survivors (4096K)
 Metaspace       used 20904K, committed 21504K, reserved 1114112K
  class space    used 3055K, committed 3328K, reserved 1048576K
}
Event: 16.886 GC heap before
{Heap before GC invocations=8 (full 0):
 garbage-first heap   total 63488K, used 52165K [0x00000000c0000000, 0x0000000100000000)
  region size 1024K, 32 young (32768K), 4 survivors (4096K)
 Metaspace       used 24732K, committed 25664K, reserved 1114112K
  class space    used 3687K, committed 4160K, reserved 1048576K
}
Event: 16.898 GC heap after
{Heap after GC invocations=9 (full 0):
 garbage-first heap   total 63488K, used 26283K [0x00000000c0000000, 0x0000000100000000)
  region size 1024K, 3 young (3072K), 3 survivors (3072K)
 Metaspace       used 24732K, committed 25664K, reserved 1114112K
  class space    used 3687K, committed 4160K, reserved 1048576K
}
Event: 17.781 GC heap before
{Heap before GC invocations=9 (full 0):
 garbage-first heap   total 63488K, used 53931K [0x00000000c0000000, 0x0000000100000000)
  region size 1024K, 31 young (31744K), 3 survivors (3072K)
 Metaspace       used 31292K, committed 32192K, reserved 1114112K
  class space    used 4427K, committed 4864K, reserved 1048576K
}
Event: 17.789 GC heap after
{Heap after GC invocations=10 (full 0):
 garbage-first heap   total 63488K, used 28495K [0x00000000c0000000, 0x0000000100000000)
  region size 1024K, 4 young (4096K), 4 survivors (4096K)
 Metaspace       used 31292K, committed 32192K, reserved 1114112K
  class space    used 4427K, committed 4864K, reserved 1048576K
}
Event: 18.609 GC heap before
{Heap before GC invocations=10 (full 0):
 garbage-first heap   total 63488K, used 55119K [0x00000000c0000000, 0x0000000100000000)
  region size 1024K, 31 young (31744K), 4 survivors (4096K)
 Metaspace       used 32720K, committed 33664K, reserved 1114112K
  class space    used 4623K, committed 5056K, reserved 1048576K
}
Event: 18.614 GC heap after
{Heap after GC invocations=11 (full 0):
 garbage-first heap   total 64512K, used 31637K [0x00000000c0000000, 0x0000000100000000)
  region size 1024K, 3 young (3072K), 3 survivors (3072K)
 Metaspace       used 32720K, committed 33664K, reserved 1114112K
  class space    used 4623K, committed 5056K, reserved 1048576K
}
Event: 18.918 GC heap before
{Heap before GC invocations=11 (full 0):
 garbage-first heap   total 64512K, used 46997K [0x00000000c0000000, 0x0000000100000000)
  region size 1024K, 19 young (19456K), 3 survivors (3072K)
 Metaspace       used 34385K, committed 35456K, reserved 1114112K
  class space    used 4908K, committed 5440K, reserved 1048576K
}
Event: 18.921 GC heap after
{Heap after GC invocations=12 (full 0):
 garbage-first heap   total 64512K, used 33319K [0x00000000c0000000, 0x0000000100000000)
  region size 1024K, 2 young (2048K), 2 survivors (2048K)
 Metaspace       used 34385K, committed 35456K, reserved 1114112K
  class space    used 4908K, committed 5440K, reserved 1048576K
}
Event: 19.362 GC heap before
{Heap before GC invocations=13 (full 0):
 garbage-first heap   total 65536K, used 61991K [0x00000000c0000000, 0x0000000100000000)
  region size 1024K, 25 young (25600K), 2 survivors (2048K)
 Metaspace       used 37321K, committed 38592K, reserved 1114112K
  class space    used 5317K, committed 5952K, reserved 1048576K
}
Event: 19.366 GC heap after
{Heap after GC invocations=14 (full 0):
 garbage-first heap   total 65536K, used 34394K [0x00000000c0000000, 0x0000000100000000)
  region size 1024K, 3 young (3072K), 3 survivors (3072K)
 Metaspace       used 37321K, committed 38592K, reserved 1114112K
  class space    used 5317K, committed 5952K, reserved 1048576K
}

