# JRE version: OpenJDK Runtime Environment (21.0.8) (build 21.0.8+-14196175-b1038.72)
# Java VM: OpenJDK 64-Bit Server VM (21.0.8+-14196175-b1038.72, mixed mode, tiered, compressed oops, compressed class ptrs, g1 gc, windows-amd64)
GC Precious Log:
 CardTable entry size: 512
 Card Set container configuration: InlinePtr #cards 5 size 8 Array Of Cards #cards 12 size 40 Howl #buckets 4 coarsen threshold 1843 Howl Bitmap #cards 512 size 80 coarsen threshold 460 Card regions per heap region 1 cards per card region 2048
 CPUs: 8 total, 8 available
 Memory: 3921M
 Large Page Support: Disabled
 NUMA Support: Disabled
 Compressed Oops: Enabled (32-bit)
 Heap Region Size: 1M
 Heap Min Capacity: 8M
 Heap Initial Capacity: 62M
 Heap Max Capacity: 1G
 Pre-touch: Disabled
 Parallel Workers: 8
 Concurrent Workers: 2
 Concurrent Refinement Workers: 8
 Periodic GC: Disabled
Heap:
 garbage-first heap   total 309248K, used 182132K [0x00000000c0000000, 0x0000000100000000)
  region size 1024K, 19 young (19456K), 3 survivors (3072K)
 Metaspace       used 148180K, committed 150528K, reserved 1179648K
  class space    used 20897K, committed 22016K, reserved 1048576K
GC Heap History (20 events):
Event: 62.783 GC heap before
{Heap before GC invocations=60 (full 0):
 garbage-first heap   total 214016K, used 191248K [0x00000000c0000000, 0x0000000100000000)
  region size 1024K, 60 young (61440K), 8 survivors (8192K)
 Metaspace       used 123424K, committed 125632K, reserved 1179648K
  class space    used 17145K, committed 18176K, reserved 1048576K
}
Event: 62.834 GC heap after
{Heap after GC invocations=61 (full 0):
 garbage-first heap   total 215040K, used 149270K [0x00000000c0000000, 0x0000000100000000)
  region size 1024K, 8 young (8192K), 8 survivors (8192K)
 Metaspace       used 123424K, committed 125632K, reserved 1179648K
  class space    used 17145K, committed 18176K, reserved 1048576K
}
Event: 64.608 GC heap before
{Heap before GC invocations=61 (full 0):
 garbage-first heap   total 215040K, used 193302K [0x00000000c0000000, 0x0000000100000000)
  region size 1024K, 51 young (52224K), 8 survivors (8192K)
 Metaspace       used 125967K, committed 128256K, reserved 1179648K
  class space    used 17406K, committed 18496K, reserved 1048576K
}
Event: 64.629 GC heap after
{Heap after GC invocations=62 (full 0):
 garbage-first heap   total 215040K, used 154201K [0x00000000c0000000, 0x0000000100000000)
  region size 1024K, 4 young (4096K), 4 survivors (4096K)
 Metaspace       used 125967K, committed 128256K, reserved 1179648K
  class space    used 17406K, committed 18496K, reserved 1048576K
}
Event: 65.816 GC heap before
{Heap before GC invocations=63 (full 0):
 garbage-first heap   total 258048K, used 196185K [0x00000000c0000000, 0x0000000100000000)
  region size 1024K, 45 young (46080K), 4 survivors (4096K)
 Metaspace       used 126448K, committed 128768K, reserved 1179648K
  class space    used 17435K, committed 18560K, reserved 1048576K
}
Event: 65.839 GC heap after
{Heap after GC invocations=64 (full 0):
 garbage-first heap   total 258048K, used 157966K [0x00000000c0000000, 0x0000000100000000)
  region size 1024K, 4 young (4096K), 4 survivors (4096K)
 Metaspace       used 126448K, committed 128768K, reserved 1179648K
  class space    used 17435K, committed 18560K, reserved 1048576K
}
Event: 77.915 GC heap before
{Heap before GC invocations=64 (full 0):
 garbage-first heap   total 258048K, used 231694K [0x00000000c0000000, 0x0000000100000000)
  region size 1024K, 77 young (78848K), 4 survivors (4096K)
 Metaspace       used 127016K, committed 129344K, reserved 1179648K
  class space    used 17486K, committed 18624K, reserved 1048576K
}
Event: 77.959 GC heap after
{Heap after GC invocations=65 (full 0):
 garbage-first heap   total 258048K, used 161562K [0x00000000c0000000, 0x0000000100000000)
  region size 1024K, 10 young (10240K), 10 survivors (10240K)
 Metaspace       used 127016K, committed 129344K, reserved 1179648K
  class space    used 17486K, committed 18624K, reserved 1048576K
}
Event: 79.082 GC heap before
{Heap before GC invocations=65 (full 0):
 garbage-first heap   total 258048K, used 185114K [0x00000000c0000000, 0x0000000100000000)
  region size 1024K, 35 young (35840K), 10 survivors (10240K)
 Metaspace       used 127283K, committed 129600K, reserved 1179648K
  class space    used 17521K, committed 18624K, reserved 1048576K
}
Event: 79.132 GC heap after
{Heap after GC invocations=66 (full 0):
 garbage-first heap   total 258048K, used 166671K [0x00000000c0000000, 0x0000000100000000)
  region size 1024K, 5 young (5120K), 5 survivors (5120K)
 Metaspace       used 127283K, committed 129600K, reserved 1179648K
  class space    used 17521K, committed 18624K, reserved 1048576K
}
Event: 81.866 GC heap before
{Heap before GC invocations=67 (full 0):
 garbage-first heap   total 283648K, used 232207K [0x00000000c0000000, 0x0000000100000000)
  region size 1024K, 68 young (69632K), 5 survivors (5120K)
 Metaspace       used 132759K, committed 135104K, reserved 1179648K
  class space    used 18396K, committed 19520K, reserved 1048576K
}
Event: 81.889 GC heap after
{Heap after GC invocations=68 (full 0):
 garbage-first heap   total 283648K, used 172237K [0x00000000c0000000, 0x0000000100000000)
  region size 1024K, 9 young (9216K), 9 survivors (9216K)
 Metaspace       used 132759K, committed 135104K, reserved 1179648K
  class space    used 18396K, committed 19520K, reserved 1048576K
}
Event: 82.896 GC heap before
{Heap before GC invocations=68 (full 0):
 garbage-first heap   total 283648K, used 254157K [0x00000000c0000000, 0x0000000100000000)
  region size 1024K, 90 young (92160K), 9 survivors (9216K)
 Metaspace       used 139949K, committed 142336K, reserved 1179648K
  class space    used 19650K, committed 20800K, reserved 1048576K
}
Event: 82.936 GC heap after
{Heap after GC invocations=69 (full 0):
 garbage-first heap   total 283648K, used 179162K [0x00000000c0000000, 0x0000000100000000)
  region size 1024K, 12 young (12288K), 12 survivors (12288K)
 Metaspace       used 139949K, committed 142336K, reserved 1179648K
  class space    used 19650K, committed 20800K, reserved 1048576K
}
Event: 83.688 GC heap before
{Heap before GC invocations=69 (full 0):
 garbage-first heap   total 283648K, used 253914K [0x00000000c0000000, 0x0000000100000000)
  region size 1024K, 86 young (88064K), 12 survivors (12288K)
 Metaspace       used 145305K, committed 147712K, reserved 1179648K
  class space    used 20489K, committed 21632K, reserved 1048576K
}
Event: 83.716 GC heap after
{Heap after GC invocations=70 (full 0):
 garbage-first heap   total 283648K, used 185677K [0x00000000c0000000, 0x0000000100000000)
  region size 1024K, 6 young (6144K), 6 survivors (6144K)
 Metaspace       used 145305K, committed 147712K, reserved 1179648K
  class space    used 20489K, committed 21632K, reserved 1048576K
}
Event: 84.931 GC heap before
{Heap before GC invocations=71 (full 0):
 garbage-first heap   total 309248K, used 257357K [0x00000000c0000000, 0x0000000100000000)
  region size 1024K, 78 young (79872K), 6 survivors (6144K)
 Metaspace       used 147130K, committed 149568K, reserved 1179648K
  class space    used 20744K, committed 21888K, reserved 1048576K
}
Event: 84.947 GC heap after
{Heap after GC invocations=72 (full 0):
 garbage-first heap   total 309248K, used 188396K [0x00000000c0000000, 0x0000000100000000)
  region size 1024K, 4 young (4096K), 4 survivors (4096K)
 Metaspace       used 147130K, committed 149568K, reserved 1179648K
  class space    used 20744K, committed 21888K, reserved 1048576K
}
Event: 85.599 GC heap before
{Heap before GC invocations=72 (full 0):
 garbage-first heap   total 309248K, used 279532K [0x00000000c0000000, 0x0000000100000000)
  region size 1024K, 92 young (94208K), 4 survivors (4096K)
 Metaspace       used 147869K, committed 150208K, reserved 1179648K
  class space    used 20865K, committed 22016K, reserved 1048576K
}
Event: 85.606 GC heap after
{Heap after GC invocations=73 (full 0):
 garbage-first heap   total 309248K, used 183239K [0x00000000c0000000, 0x0000000100000000)
  region size 1024K, 2 young (2048K), 2 survivors (2048K)
 Metaspace       used 147869K, committed 150208K, reserved 1179648K
  class space    used 20865K, committed 22016K, reserved 1048576K
}

