# JRE version: OpenJDK Runtime Environment Temurin-21.0.9+10 (21.0.9+10) (build 21.0.9+10-LTS)
# Java VM: OpenJDK 64-Bit Server VM Temurin-21.0.9+10 (21.0.9+10-LTS, mixed mode, sharing, tiered, compressed oops, compressed class ptrs, g1 gc, windows-amd64)
GC Precious Log:
 CardTable entry size: 512
 Card Set container configuration: InlinePtr #cards 5 size 8 Array Of Cards #cards 12 size 40 Howl #buckets 4 coarsen threshold 1843 Howl Bitmap #cards 512 size 80 coarsen threshold 460 Card regions per heap region 1 cards per card region 2048
 CPUs: 8 total, 8 available
 Memory: 3921M
 Large Page Support: Disabled
 NUMA Support: Disabled
 Compressed Oops: Enabled (32-bit)
 Heap Region Size: 1M
 Heap Min Capacity: 8M
 Heap Initial Capacity: 62M
 Heap Max Capacity: 1G
 Pre-touch: Disabled
 Parallel Workers: 8
 Concurrent Workers: 2
 Concurrent Refinement Workers: 8
 Periodic GC: Disabled
Heap:
 garbage-first heap   total 108544K, used 68651K [0x00000000c0000000, 0x0000000100000000)
  region size 1024K, 7 young (7168K), 2 survivors (2048K)
 Metaspace       used 57251K, committed 59136K, reserved 1114112K
  class space    used 8060K, committed 8960K, reserved 1048576K
GC Heap History (20 events):
Event: 9.062 GC heap before
{Heap before GC invocations=14 (full 0):
 garbage-first heap   total 77824K, used 68608K [0x00000000c0000000, 0x0000000100000000)
  region size 1024K, 34 young (34816K), 5 survivors (5120K)
 Metaspace       used 44873K, committed 46400K, reserved 1114112K
  class space    used 6498K, committed 7232K, reserved 1048576K
}
Event: 9.068 GC heap after
{Heap after GC invocations=15 (full 0):
 garbage-first heap   total 77824K, used 41118K [0x00000000c0000000, 0x0000000100000000)
  region size 1024K, 2 young (2048K), 2 survivors (2048K)
 Metaspace       used 44873K, committed 46400K, reserved 1114112K
  class space    used 6498K, committed 7232K, reserved 1048576K
}
Event: 9.548 GC heap before
{Heap before GC invocations=15 (full 0):
 garbage-first heap   total 77824K, used 62622K [0x00000000c0000000, 0x0000000100000000)
  region size 1024K, 25 young (25600K), 2 survivors (2048K)
 Metaspace       used 47537K, committed 49216K, reserved 1114112K
  class space    used 6929K, committed 7744K, reserved 1048576K
}
Event: 9.553 GC heap after
{Heap after GC invocations=16 (full 0):
 garbage-first heap   total 77824K, used 42589K [0x00000000c0000000, 0x0000000100000000)
  region size 1024K, 4 young (4096K), 4 survivors (4096K)
 Metaspace       used 47537K, committed 49216K, reserved 1114112K
  class space    used 6929K, committed 7744K, reserved 1048576K
}
Event: 10.218 GC heap before
{Heap before GC invocations=17 (full 0):
 garbage-first heap   total 77824K, used 70237K [0x00000000c0000000, 0x0000000100000000)
  region size 1024K, 30 young (30720K), 4 survivors (4096K)
 Metaspace       used 50985K, committed 52800K, reserved 1114112K
  class space    used 7389K, committed 8256K, reserved 1048576K
}
Event: 10.223 GC heap after
{Heap after GC invocations=18 (full 0):
 garbage-first heap   total 77824K, used 44240K [0x00000000c0000000, 0x0000000100000000)
  region size 1024K, 4 young (4096K), 4 survivors (4096K)
 Metaspace       used 50985K, committed 52800K, reserved 1114112K
  class space    used 7389K, committed 8256K, reserved 1048576K
}
Event: 11.111 GC heap before
{Heap before GC invocations=18 (full 0):
 garbage-first heap   total 77824K, used 68816K [0x00000000c0000000, 0x0000000100000000)
  region size 1024K, 29 young (29696K), 4 survivors (4096K)
 Metaspace       used 52345K, committed 54080K, reserved 1114112K
  class space    used 7568K, committed 8448K, reserved 1048576K
}
Event: 11.121 GC heap after
{Heap after GC invocations=19 (full 0):
 garbage-first heap   total 79872K, used 47807K [0x00000000c0000000, 0x0000000100000000)
  region size 1024K, 4 young (4096K), 4 survivors (4096K)
 Metaspace       used 52345K, committed 54080K, reserved 1114112K
  class space    used 7568K, committed 8448K, reserved 1048576K
}
Event: 11.372 GC heap before
{Heap before GC invocations=19 (full 0):
 garbage-first heap   total 79872K, used 70335K [0x00000000c0000000, 0x0000000100000000)
  region size 1024K, 27 young (27648K), 4 survivors (4096K)
 Metaspace       used 52571K, committed 54336K, reserved 1114112K
  class space    used 7568K, committed 8448K, reserved 1048576K
}
Event: 11.377 GC heap after
{Heap after GC invocations=20 (full 0):
 garbage-first heap   total 79872K, used 49538K [0x00000000c0000000, 0x0000000100000000)
  region size 1024K, 3 young (3072K), 3 survivors (3072K)
 Metaspace       used 52571K, committed 54336K, reserved 1114112K
  class space    used 7568K, committed 8448K, reserved 1048576K
}
Event: 11.814 GC heap before
{Heap before GC invocations=21 (full 0):
 garbage-first heap   total 83968K, used 71042K [0x00000000c0000000, 0x0000000100000000)
  region size 1024K, 24 young (24576K), 3 survivors (3072K)
 Metaspace       used 52863K, committed 54592K, reserved 1114112K
  class space    used 7596K, committed 8448K, reserved 1048576K
}
Event: 11.820 GC heap after
{Heap after GC invocations=22 (full 0):
 garbage-first heap   total 101376K, used 50184K [0x00000000c0000000, 0x0000000100000000)
  region size 1024K, 3 young (3072K), 3 survivors (3072K)
 Metaspace       used 52863K, committed 54592K, reserved 1114112K
  class space    used 7596K, committed 8448K, reserved 1048576K
}
Event: 12.101 GC heap before
{Heap before GC invocations=22 (full 0):
 garbage-first heap   total 101376K, used 88072K [0x00000000c0000000, 0x0000000100000000)
  region size 1024K, 41 young (41984K), 3 survivors (3072K)
 Metaspace       used 53070K, committed 54848K, reserved 1114112K
  class space    used 7596K, committed 8448K, reserved 1048576K
}
Event: 12.107 GC heap after
{Heap after GC invocations=23 (full 0):
 garbage-first heap   total 101376K, used 50034K [0x00000000c0000000, 0x0000000100000000)
  region size 1024K, 4 young (4096K), 4 survivors (4096K)
 Metaspace       used 53070K, committed 54848K, reserved 1114112K
  class space    used 7596K, committed 8448K, reserved 1048576K
}
Event: 12.360 GC heap before
{Heap before GC invocations=23 (full 0):
 garbage-first heap   total 101376K, used 87922K [0x00000000c0000000, 0x0000000100000000)
  region size 1024K, 42 young (43008K), 4 survivors (4096K)
 Metaspace       used 53136K, committed 54912K, reserved 1114112K
  class space    used 7596K, committed 8448K, reserved 1048576K
}
Event: 12.365 GC heap after
{Heap after GC invocations=24 (full 0):
 garbage-first heap   total 101376K, used 50916K [0x00000000c0000000, 0x0000000100000000)
  region size 1024K, 4 young (4096K), 4 survivors (4096K)
 Metaspace       used 53136K, committed 54912K, reserved 1114112K
  class space    used 7596K, committed 8448K, reserved 1048576K
}
Event: 13.774 GC heap before
{Heap before GC invocations=25 (full 0):
 garbage-first heap   total 101376K, used 95972K [0x00000000c0000000, 0x0000000100000000)
  region size 1024K, 43 young (44032K), 4 survivors (4096K)
 Metaspace       used 54150K, committed 55936K, reserved 1114112K
  class space    used 7703K, committed 8576K, reserved 1048576K
}
Event: 13.783 GC heap after
{Heap after GC invocations=26 (full 0):
 garbage-first heap   total 108544K, used 62663K [0x00000000c0000000, 0x0000000100000000)
  region size 1024K, 6 young (6144K), 6 survivors (6144K)
 Metaspace       used 54150K, committed 55936K, reserved 1114112K
  class space    used 7703K, committed 8576K, reserved 1048576K
}
Event: 14.584 GC heap before
{Heap before GC invocations=26 (full 0):
 garbage-first heap   total 108544K, used 92359K [0x00000000c0000000, 0x0000000100000000)
  region size 1024K, 35 young (35840K), 6 survivors (6144K)
 Metaspace       used 56671K, committed 58496K, reserved 1114112K
  class space    used 8027K, committed 8896K, reserved 1048576K
}
Event: 14.591 GC heap after
{Heap after GC invocations=27 (full 0):
 garbage-first heap   total 108544K, used 65579K [0x00000000c0000000, 0x0000000100000000)
  region size 1024K, 2 young (2048K), 2 survivors (2048K)
 Metaspace       used 56671K, committed 58496K, reserved 1114112K
  class space    used 8027K, committed 8896K, reserved 1048576K
}

